<?xml version="1.0" encoding="UTF-8"?>
<testsuite name="is.ru.tictactoe.TictactoeTest" tests="4" skipped="0" failures="0" errors="0" timestamp="2017-10-28T04:29:25" hostname="DESKTOP-PLBUN9I" time="0.004">
  <properties/>
  <testcase name="TestGameInit" classname="is.ru.tictactoe.TictactoeTest" time="0.003"/>
  <testcase name="TestBoardInit" classname="is.ru.tictactoe.TictactoeTest" time="0.001"/>
  <testcase name="TestPlayerXMoveToThirdSlot" classname="is.ru.tictactoe.TictactoeTest" time="0.0"/>
  <testcase name="TestPlayerOMoveToNinthSlot" classname="is.ru.tictactoe.TictactoeTest" time="0.0"/>
  <system-out><![CDATA[]]></system-out>
  <system-err><![CDATA[]]></system-err>
</testsuite>
